1639764277325	geckodriver	INFO	Listening on 127.0.0.1:60282
1639764280445	mozrunner::runner	INFO	Running command: "C:\\Program Files\\Mozilla Firefox\\firefox.exe" "--marionette" "--remote-debugging-port" "60283" "-no-remote" "-profile" "C:\\Users\\sbd\\AppData\\Local\\Temp\\rust_mozprofilejnbgmM"
1639764281992	Marionette	INFO	Marionette enabled
console.warn: SearchSettings: "get: No settings file exists, new profile?" (new NotFoundError("Could not open the file at C:\\Users\\sbd\\AppData\\Local\\Temp\\rust_mozprofilejnbgmM\\search.json.mozlz4", (void 0)))
DevTools listening on ws://localhost:60283/devtools/browser/8e732665-6ab5-40d2-84b3-957d0c970fe6
1639764289544	Marionette	INFO	Listening on port 60289
console.error: Region.jsm: "Error fetching region" (new Error("TIMEOUT", "resource://gre/modules/Region.jsm", 772))
console.error: Region.jsm: "Failed to fetch region" (new Error("TIMEOUT", "resource://gre/modules/Region.jsm", 419))
1639764290770	RemoteAgent	WARN	TLS certificate errors will be ignored for this session
JavaScript warning: https://mc.yandex.ru/metrika/watch_serp.js, line 10: WEBGL_debug_renderer_info is deprecated in Firefox and will be removed. Please use RENDERER.
1639764296659	Marionette	INFO	Stopped listening on port 60289
JavaScript error: resource://gre/modules/UrlClassifierListManager.jsm, line 691: TypeError: this.tablesData[table] is undefined

###!!! [Child][MessageChannel] Error: (msgtype=0x590008,name=PHttpChannel::Msg_DeletingChannel) Channel closing: too late to send/recv, messages will be lost

[Parent 15328, IPC I/O Parent] WARNING: file /builds/worker/checkouts/gecko/ipc/chromium/src/base/process_util_win.cc:167

###!!! [Parent][MessageChannel] Error: (msgtype=0x77000B,name=PRDD::Msg_InitCrashReporter) Channel error: cannot send/recv

1639764648046	geckodriver	INFO	Listening on 127.0.0.1:60760
1639764671157	geckodriver	INFO	Listening on 127.0.0.1:60787
1639764674256	mozrunner::runner	INFO	Running command: "C:\\Program Files\\Firefox Nightly\\firefox.exe" "--marionette" "--remote-debugging-port" "60788" "-no-remote" "-profile" "C:\\Users\\sbd\\AppData\\Local\\Temp\\rust_mozprofileGMCzxa"
1639764674689	Marionette	INFO	Marionette enabled
console.warn: SearchSettings: "get: No settings file exists, new profile?" (new NotFoundError("Could not open the file at C:\\Users\\sbd\\AppData\\Local\\Temp\\rust_mozprofileGMCzxa\\search.json.mozlz4", (void 0)))
DevTools listening on ws://localhost:60788/devtools/browser/c2218eff-6d36-4d20-a7a8-7bcf1a1e627c
WebDriver BiDi listening on ws://localhost:60788
1639764679281	Marionette	INFO	Listening on port 60794
1639764679538	RemoteAgent	WARN	TLS certificate errors will be ignored for this session
JavaScript warning: https://mc.yandex.ru/metrika/watch_serp.js, line 10: WEBGL_debug_renderer_info is deprecated in Firefox and will be removed. Please use RENDERER.
1639764682866	Marionette	INFO	Stopped listening on port 60794
console.error: PushService: 
  stateChangeProcessEnqueue: Error transitioning state
  Message: Error: Data is not ready.
  Stack:
    get data@resource://gre/modules/JSONFile.jsm:186:13
getListeners@resource://gre/modules/PushBroadcastService.jsm:66:5
observe@resource://gre/modules/AsyncShutdown.jsm:575:16

JavaScript error: resource://gre/modules/AsyncShutdown.jsm, line 718: Error: Phase "Sqlite.jsm: wait until all connections are closed" is finished, it is too late to register completion condition "protections.sqlite#0: waiting for shutdown"
console.error: "Could not write session state file " (new Error("IOUtils: Shutting down and refusing additional I/O tasks", (void 0), 106)) "DOMException@resource://gre/modules/PromiseWorker.jsm:106:18\npostMessage@resource://gre/modules/PromiseWorker.jsm:342:55\nobserve@resource://gre/modules/AsyncShutdown.jsm:575:16\n"
JavaScript error: resource://gre/modules/CrashMonitor.jsm, line 201: AbortError: IOUtils: Shutting down and refusing additional I/O tasks

###!!! [Parent][RunMessage] Error: Channel closing: too late to send/recv, messages will be lost


###!!! [Child][RunMessage] Error: Channel closing: too late to send/recv, messages will be lost

1639764709812	geckodriver	INFO	Listening on 127.0.0.1:60863
1639764813946	geckodriver	INFO	Listening on 127.0.0.1:60957
1639764817014	mozrunner::runner	INFO	Running command: "C:\\Program Files\\Firefox Nightly\\firefox.exe" "--marionette" "--remote-debugging-port" "60958" "-no-remote" "-profile" "C:\\Users\\sbd\\AppData\\Local\\Temp\\rust_mozprofileqdlNg1"
1639764817367	Marionette	INFO	Marionette enabled
console.warn: SearchSettings: "get: No settings file exists, new profile?" (new NotFoundError("Could not open the file at C:\\Users\\sbd\\AppData\\Local\\Temp\\rust_mozprofileqdlNg1\\search.json.mozlz4", (void 0)))
DevTools listening on ws://localhost:60958/devtools/browser/976c93ea-a063-4a77-b3e0-83a2c2eaea69
WebDriver BiDi listening on ws://localhost:60958
1639764821793	Marionette	INFO	Listening on port 60964
1639764821812	RemoteAgent	WARN	TLS certificate errors will be ignored for this session
console.warn: LoginRecipes: "getRecipes: falling back to a synchronous message for:" "http://localhost"
console.warn: LoginRecipes: "getRecipes: falling back to a synchronous message for:" "http://localhost"
JavaScript error: resource://gre/modules/LoginManagerParent.jsm, line 136: TypeError: can't access property "getRecipesForHost", gRecipeManager is null
1639764825599	Marionette	INFO	Stopped listening on port 60964
!!! error running onStopped callback: TypeError: callback is not a function
console.error: PushService: 
  clearOriginData: Error clearing origin data:
  TypeError
[Parent 14756, IPC I/O Parent] WARNING: file /builds/worker/checkouts/gecko/ipc/chromium/src/base/process_util_win.cc:167
JavaScript error: resource://gre/modules/AsyncShutdown.jsm, line 718: Error: Phase "profile-before-change" is finished, it is too late to register completion condition "DoHController: clear state and remove observers"

###!!! [Parent][RunMessage] Error: Channel closing: too late to send/recv, messages will be lost

